2024-12-04T11:19:12.940+08:00  INFO 16580 --- [demo] [main] com.example.demo.DemoApplication         : Starting DemoApplication using Java 17.0.11 with PID 16580 (E:\code\demo\demo\target\classes started by æ±Ÿå­é¹ in E:\code\demo\demo)
2024-12-04T11:19:12.947+08:00  INFO 16580 --- [demo] [main] com.example.demo.DemoApplication         : No active profile set, falling back to 1 default profile: "default"
2024-12-04T11:19:13.664+08:00  INFO 16580 --- [demo] [main] .s.d.r.c.RepositoryConfigurationDelegate : Multiple Spring Data modules found, entering strict repository configuration mode
2024-12-04T11:19:13.669+08:00  INFO 16580 --- [demo] [main] .s.d.r.c.RepositoryConfigurationDelegate : Bootstrapping Spring Data Redis repositories in DEFAULT mode.
2024-12-04T11:19:13.702+08:00  INFO 16580 --- [demo] [main] .s.d.r.c.RepositoryConfigurationDelegate : Finished Spring Data repository scanning in 13 ms. Found 0 Redis repository interfaces.
2024-12-04T11:19:13.785+08:00  WARN 16580 --- [demo] [main] o.m.s.mapper.ClassPathMapperScanner      : No MyBatis mapper was found in '[com.example.demo]' package. Please check your configuration.
2024-12-04T11:19:14.338+08:00  INFO 16580 --- [demo] [main] o.s.b.w.embedded.tomcat.TomcatWebServer  : Tomcat initialized with port 8001 (http)
2024-12-04T11:19:14.351+08:00  INFO 16580 --- [demo] [main] o.apache.catalina.core.StandardService   : Starting service [Tomcat]
2024-12-04T11:19:14.351+08:00  INFO 16580 --- [demo] [main] o.apache.catalina.core.StandardEngine    : Starting Servlet engine: [Apache Tomcat/10.1.26]
2024-12-04T11:19:14.411+08:00  INFO 16580 --- [demo] [main] o.a.c.c.C.[Tomcat].[localhost].[/]       : Initializing Spring embedded WebApplicationContext
2024-12-04T11:19:14.412+08:00  INFO 16580 --- [demo] [main] w.s.c.ServletWebServerApplicationContext : Root WebApplicationContext: initialization completed in 1408 ms
2024-12-04T11:19:14.772+08:00  WARN 16580 --- [demo] [main] t.m.m.m.resolve.DefaultEntityResolve     : é€šç”¨ Mapper è­¦å‘Šä¿¡æ¯: <[EntityColumn{table=commodities, property='price', column='price', javaType=float, jdbcType=null, typeHandler=null, id=false, identity=false, blob=false, generator='null', orderBy='null', orderPriority='0', insertable=true, updatable=true, order=DEFAULT}]> ä½¿ç”¨äº†åŸºæœ¬ç±»å‹ï¼ŒåŸºæœ¬ç±»å‹åœ¨åŠ¨æ€ SQL ä¸­ç”±äºå­˜åœ¨é»˜è®¤å€¼ï¼Œå› æ­¤ä»»ä½•æ—¶å€™éƒ½ä¸ç­‰äº nullï¼Œå»ºè®®ä¿®æ”¹åŸºæœ¬ç±»å‹ä¸ºå¯¹åº”çš„åŒ…è£…ç±»å‹!
2024-12-04T11:19:14.772+08:00  WARN 16580 --- [demo] [main] t.m.m.m.resolve.DefaultEntityResolve     : é€šç”¨ Mapper è­¦å‘Šä¿¡æ¯: <[EntityColumn{table=commodities, property='state', column='state', javaType=boolean, jdbcType=null, typeHandler=null, id=false, identity=false, blob=false, generator='null', orderBy='null', orderPriority='0', insertable=true, updatable=true, order=DEFAULT}]> ä½¿ç”¨äº†åŸºæœ¬ç±»å‹ï¼ŒåŸºæœ¬ç±»å‹åœ¨åŠ¨æ€ SQL ä¸­ç”±äºå­˜åœ¨é»˜è®¤å€¼ï¼Œå› æ­¤ä»»ä½•æ—¶å€™éƒ½ä¸ç­‰äº nullï¼Œå»ºè®®ä¿®æ”¹åŸºæœ¬ç±»å‹ä¸ºå¯¹åº”çš„åŒ…è£…ç±»å‹!
2024-12-04T11:19:14.926+08:00  WARN 16580 --- [demo] [main] t.m.m.m.resolve.DefaultEntityResolve     : é€šç”¨ Mapper è­¦å‘Šä¿¡æ¯: <[EntityColumn{table=user, property='state', column='state', javaType=boolean, jdbcType=null, typeHandler=null, id=false, identity=false, blob=false, generator='null', orderBy='null', orderPriority='0', insertable=true, updatable=true, order=DEFAULT}]> ä½¿ç”¨äº†åŸºæœ¬ç±»å‹ï¼ŒåŸºæœ¬ç±»å‹åœ¨åŠ¨æ€ SQL ä¸­ç”±äºå­˜åœ¨é»˜è®¤å€¼ï¼Œå› æ­¤ä»»ä½•æ—¶å€™éƒ½ä¸ç­‰äº nullï¼Œå»ºè®®ä¿®æ”¹åŸºæœ¬ç±»å‹ä¸ºå¯¹åº”çš„åŒ…è£…ç±»å‹!
2024-12-04T11:19:15.430+08:00  INFO 16580 --- [demo] [main] com.example.demo.common.WebMvcConfig     : å¼€å§‹æ³¨å†Œè‡ªå®šä¹‰æ‹¦æˆªå™¨...
2024-12-04T11:19:15.947+08:00  INFO 16580 --- [demo] [main] o.s.b.w.embedded.tomcat.TomcatWebServer  : Tomcat started on port 8001 (http) with context path '/'
2024-12-04T11:19:15.958+08:00  INFO 16580 --- [demo] [main] com.example.demo.DemoApplication         : Started DemoApplication in 3.469 seconds (process running for 3.908)
2024-12-04T11:24:26.144+08:00  INFO 43664 --- [demo] [main] com.example.demo.DemoApplicationTests    : Starting DemoApplicationTests using Java 17.0.6 with PID 43664 (started by ½­×ÓÅô in E:\code\demo\demo)
2024-12-04T11:24:26.146+08:00  INFO 43664 --- [demo] [main] com.example.demo.DemoApplicationTests    : No active profile set, falling back to 1 default profile: "default"
2024-12-04T11:24:26.767+08:00  INFO 43664 --- [demo] [main] .s.d.r.c.RepositoryConfigurationDelegate : Multiple Spring Data modules found, entering strict repository configuration mode
2024-12-04T11:24:26.771+08:00  INFO 43664 --- [demo] [main] .s.d.r.c.RepositoryConfigurationDelegate : Bootstrapping Spring Data Redis repositories in DEFAULT mode.
2024-12-04T11:24:26.805+08:00  INFO 43664 --- [demo] [main] .s.d.r.c.RepositoryConfigurationDelegate : Finished Spring Data repository scanning in 20 ms. Found 0 Redis repository interfaces.
2024-12-04T11:24:26.905+08:00  WARN 43664 --- [demo] [main] o.m.s.mapper.ClassPathMapperScanner      : No MyBatis mapper was found in '[com.example.demo]' package. Please check your configuration.
2024-12-04T11:24:27.681+08:00  WARN 43664 --- [demo] [main] t.m.m.m.resolve.DefaultEntityResolve     : Í¨ÓÃ Mapper ¾¯¸æĞÅÏ¢: <[EntityColumn{table=commodities, property='price', column='price', javaType=float, jdbcType=null, typeHandler=null, id=false, identity=false, blob=false, generator='null', orderBy='null', orderPriority='0', insertable=true, updatable=true, order=DEFAULT}]> Ê¹ÓÃÁË»ù±¾ÀàĞÍ£¬»ù±¾ÀàĞÍÔÚ¶¯Ì¬ SQL ÖĞÓÉÓÚ´æÔÚÄ¬ÈÏÖµ£¬Òò´ËÈÎºÎÊ±ºò¶¼²»µÈÓÚ null£¬½¨ÒéĞŞ¸Ä»ù±¾ÀàĞÍÎª¶ÔÓ¦µÄ°ü×°ÀàĞÍ!
2024-12-04T11:24:27.681+08:00  WARN 43664 --- [demo] [main] t.m.m.m.resolve.DefaultEntityResolve     : Í¨ÓÃ Mapper ¾¯¸æĞÅÏ¢: <[EntityColumn{table=commodities, property='state', column='state', javaType=boolean, jdbcType=null, typeHandler=null, id=false, identity=false, blob=false, generator='null', orderBy='null', orderPriority='0', insertable=true, updatable=true, order=DEFAULT}]> Ê¹ÓÃÁË»ù±¾ÀàĞÍ£¬»ù±¾ÀàĞÍÔÚ¶¯Ì¬ SQL ÖĞÓÉÓÚ´æÔÚÄ¬ÈÏÖµ£¬Òò´ËÈÎºÎÊ±ºò¶¼²»µÈÓÚ null£¬½¨ÒéĞŞ¸Ä»ù±¾ÀàĞÍÎª¶ÔÓ¦µÄ°ü×°ÀàĞÍ!
2024-12-04T11:24:27.874+08:00  WARN 43664 --- [demo] [main] t.m.m.m.resolve.DefaultEntityResolve     : Í¨ÓÃ Mapper ¾¯¸æĞÅÏ¢: <[EntityColumn{table=user, property='state', column='state', javaType=boolean, jdbcType=null, typeHandler=null, id=false, identity=false, blob=false, generator='null', orderBy='null', orderPriority='0', insertable=true, updatable=true, order=DEFAULT}]> Ê¹ÓÃÁË»ù±¾ÀàĞÍ£¬»ù±¾ÀàĞÍÔÚ¶¯Ì¬ SQL ÖĞÓÉÓÚ´æÔÚÄ¬ÈÏÖµ£¬Òò´ËÈÎºÎÊ±ºò¶¼²»µÈÓÚ null£¬½¨ÒéĞŞ¸Ä»ù±¾ÀàĞÍÎª¶ÔÓ¦µÄ°ü×°ÀàĞÍ!
2024-12-04T11:24:28.491+08:00  INFO 43664 --- [demo] [main] com.example.demo.common.WebMvcConfig     : ¿ªÊ¼×¢²á×Ô¶¨ÒåÀ¹½ØÆ÷...
2024-12-04T11:24:29.407+08:00  INFO 43664 --- [demo] [main] com.example.demo.DemoApplicationTests    : Started DemoApplicationTests in 3.486 seconds (process running for 4.28)
2024-12-04T11:34:58.165+08:00  INFO 4880 --- [demo] [main] com.example.demo.DemoApplication         : Starting DemoApplication using Java 17.0.11 with PID 4880 (E:\code\demo\demo\target\classes started by æ±Ÿå­é¹ in E:\code\demo\demo)
2024-12-04T11:34:58.166+08:00  INFO 4880 --- [demo] [main] com.example.demo.DemoApplication         : No active profile set, falling back to 1 default profile: "default"
2024-12-04T11:34:58.705+08:00  INFO 4880 --- [demo] [main] .s.d.r.c.RepositoryConfigurationDelegate : Multiple Spring Data modules found, entering strict repository configuration mode
2024-12-04T11:34:58.707+08:00  INFO 4880 --- [demo] [main] .s.d.r.c.RepositoryConfigurationDelegate : Bootstrapping Spring Data Redis repositories in DEFAULT mode.
2024-12-04T11:34:58.728+08:00  INFO 4880 --- [demo] [main] .s.d.r.c.RepositoryConfigurationDelegate : Finished Spring Data repository scanning in 10 ms. Found 0 Redis repository interfaces.
2024-12-04T11:34:58.801+08:00  WARN 4880 --- [demo] [main] o.m.s.mapper.ClassPathMapperScanner      : No MyBatis mapper was found in '[com.example.demo]' package. Please check your configuration.
2024-12-04T11:34:59.312+08:00  INFO 4880 --- [demo] [main] o.s.b.w.embedded.tomcat.TomcatWebServer  : Tomcat initialized with port 8001 (http)
2024-12-04T11:34:59.325+08:00  INFO 4880 --- [demo] [main] o.apache.catalina.core.StandardService   : Starting service [Tomcat]
2024-12-04T11:34:59.326+08:00  INFO 4880 --- [demo] [main] o.apache.catalina.core.StandardEngine    : Starting Servlet engine: [Apache Tomcat/10.1.26]
2024-12-04T11:34:59.392+08:00  INFO 4880 --- [demo] [main] o.a.c.c.C.[Tomcat].[localhost].[/]       : Initializing Spring embedded WebApplicationContext
2024-12-04T11:34:59.392+08:00  INFO 4880 --- [demo] [main] w.s.c.ServletWebServerApplicationContext : Root WebApplicationContext: initialization completed in 1194 ms
2024-12-04T11:34:59.794+08:00  WARN 4880 --- [demo] [main] t.m.m.m.resolve.DefaultEntityResolve     : é€šç”¨ Mapper è­¦å‘Šä¿¡æ¯: <[EntityColumn{table=commodities, property='price', column='price', javaType=float, jdbcType=null, typeHandler=null, id=false, identity=false, blob=false, generator='null', orderBy='null', orderPriority='0', insertable=true, updatable=true, order=DEFAULT}]> ä½¿ç”¨äº†åŸºæœ¬ç±»å‹ï¼ŒåŸºæœ¬ç±»å‹åœ¨åŠ¨æ€ SQL ä¸­ç”±äºå­˜åœ¨é»˜è®¤å€¼ï¼Œå› æ­¤ä»»ä½•æ—¶å€™éƒ½ä¸ç­‰äº nullï¼Œå»ºè®®ä¿®æ”¹åŸºæœ¬ç±»å‹ä¸ºå¯¹åº”çš„åŒ…è£…ç±»å‹!
2024-12-04T11:34:59.795+08:00  WARN 4880 --- [demo] [main] t.m.m.m.resolve.DefaultEntityResolve     : é€šç”¨ Mapper è­¦å‘Šä¿¡æ¯: <[EntityColumn{table=commodities, property='state', column='state', javaType=boolean, jdbcType=null, typeHandler=null, id=false, identity=false, blob=false, generator='null', orderBy='null', orderPriority='0', insertable=true, updatable=true, order=DEFAULT}]> ä½¿ç”¨äº†åŸºæœ¬ç±»å‹ï¼ŒåŸºæœ¬ç±»å‹åœ¨åŠ¨æ€ SQL ä¸­ç”±äºå­˜åœ¨é»˜è®¤å€¼ï¼Œå› æ­¤ä»»ä½•æ—¶å€™éƒ½ä¸ç­‰äº nullï¼Œå»ºè®®ä¿®æ”¹åŸºæœ¬ç±»å‹ä¸ºå¯¹åº”çš„åŒ…è£…ç±»å‹!
2024-12-04T11:34:59.980+08:00  WARN 4880 --- [demo] [main] t.m.m.m.resolve.DefaultEntityResolve     : é€šç”¨ Mapper è­¦å‘Šä¿¡æ¯: <[EntityColumn{table=user, property='state', column='state', javaType=boolean, jdbcType=null, typeHandler=null, id=false, identity=false, blob=false, generator='null', orderBy='null', orderPriority='0', insertable=true, updatable=true, order=DEFAULT}]> ä½¿ç”¨äº†åŸºæœ¬ç±»å‹ï¼ŒåŸºæœ¬ç±»å‹åœ¨åŠ¨æ€ SQL ä¸­ç”±äºå­˜åœ¨é»˜è®¤å€¼ï¼Œå› æ­¤ä»»ä½•æ—¶å€™éƒ½ä¸ç­‰äº nullï¼Œå»ºè®®ä¿®æ”¹åŸºæœ¬ç±»å‹ä¸ºå¯¹åº”çš„åŒ…è£…ç±»å‹!
2024-12-04T11:35:00.439+08:00  INFO 4880 --- [demo] [main] com.example.demo.common.WebMvcConfig     : å¼€å§‹æ³¨å†Œè‡ªå®šä¹‰æ‹¦æˆªå™¨...
2024-12-04T11:35:00.980+08:00  INFO 4880 --- [demo] [main] o.s.b.w.embedded.tomcat.TomcatWebServer  : Tomcat started on port 8001 (http) with context path '/'
2024-12-04T11:35:00.987+08:00  INFO 4880 --- [demo] [main] com.example.demo.DemoApplication         : Started DemoApplication in 3.132 seconds (process running for 3.422)
2024-12-04T11:35:19.778+08:00  INFO 41504 --- [demo] [main] com.example.demo.DemoApplicationTests    : Starting DemoApplicationTests using Java 17.0.6 with PID 41504 (started by ½­×ÓÅô in E:\code\demo\demo)
2024-12-04T11:35:19.780+08:00  INFO 41504 --- [demo] [main] com.example.demo.DemoApplicationTests    : No active profile set, falling back to 1 default profile: "default"
2024-12-04T11:35:20.384+08:00  INFO 41504 --- [demo] [main] .s.d.r.c.RepositoryConfigurationDelegate : Multiple Spring Data modules found, entering strict repository configuration mode
2024-12-04T11:35:20.386+08:00  INFO 41504 --- [demo] [main] .s.d.r.c.RepositoryConfigurationDelegate : Bootstrapping Spring Data Redis repositories in DEFAULT mode.
2024-12-04T11:35:20.404+08:00  INFO 41504 --- [demo] [main] .s.d.r.c.RepositoryConfigurationDelegate : Finished Spring Data repository scanning in 10 ms. Found 0 Redis repository interfaces.
2024-12-04T11:35:20.481+08:00  WARN 41504 --- [demo] [main] o.m.s.mapper.ClassPathMapperScanner      : No MyBatis mapper was found in '[com.example.demo]' package. Please check your configuration.
2024-12-04T11:35:21.169+08:00  WARN 41504 --- [demo] [main] t.m.m.m.resolve.DefaultEntityResolve     : Í¨ÓÃ Mapper ¾¯¸æĞÅÏ¢: <[EntityColumn{table=commodities, property='price', column='price', javaType=float, jdbcType=null, typeHandler=null, id=false, identity=false, blob=false, generator='null', orderBy='null', orderPriority='0', insertable=true, updatable=true, order=DEFAULT}]> Ê¹ÓÃÁË»ù±¾ÀàĞÍ£¬»ù±¾ÀàĞÍÔÚ¶¯Ì¬ SQL ÖĞÓÉÓÚ´æÔÚÄ¬ÈÏÖµ£¬Òò´ËÈÎºÎÊ±ºò¶¼²»µÈÓÚ null£¬½¨ÒéĞŞ¸Ä»ù±¾ÀàĞÍÎª¶ÔÓ¦µÄ°ü×°ÀàĞÍ!
2024-12-04T11:35:21.170+08:00  WARN 41504 --- [demo] [main] t.m.m.m.resolve.DefaultEntityResolve     : Í¨ÓÃ Mapper ¾¯¸æĞÅÏ¢: <[EntityColumn{table=commodities, property='state', column='state', javaType=boolean, jdbcType=null, typeHandler=null, id=false, identity=false, blob=false, generator='null', orderBy='null', orderPriority='0', insertable=true, updatable=true, order=DEFAULT}]> Ê¹ÓÃÁË»ù±¾ÀàĞÍ£¬»ù±¾ÀàĞÍÔÚ¶¯Ì¬ SQL ÖĞÓÉÓÚ´æÔÚÄ¬ÈÏÖµ£¬Òò´ËÈÎºÎÊ±ºò¶¼²»µÈÓÚ null£¬½¨ÒéĞŞ¸Ä»ù±¾ÀàĞÍÎª¶ÔÓ¦µÄ°ü×°ÀàĞÍ!
2024-12-04T11:35:21.339+08:00  WARN 41504 --- [demo] [main] t.m.m.m.resolve.DefaultEntityResolve     : Í¨ÓÃ Mapper ¾¯¸æĞÅÏ¢: <[EntityColumn{table=user, property='state', column='state', javaType=boolean, jdbcType=null, typeHandler=null, id=false, identity=false, blob=false, generator='null', orderBy='null', orderPriority='0', insertable=true, updatable=true, order=DEFAULT}]> Ê¹ÓÃÁË»ù±¾ÀàĞÍ£¬»ù±¾ÀàĞÍÔÚ¶¯Ì¬ SQL ÖĞÓÉÓÚ´æÔÚÄ¬ÈÏÖµ£¬Òò´ËÈÎºÎÊ±ºò¶¼²»µÈÓÚ null£¬½¨ÒéĞŞ¸Ä»ù±¾ÀàĞÍÎª¶ÔÓ¦µÄ°ü×°ÀàĞÍ!
2024-12-04T11:35:21.848+08:00  INFO 41504 --- [demo] [main] com.example.demo.common.WebMvcConfig     : ¿ªÊ¼×¢²á×Ô¶¨ÒåÀ¹½ØÆ÷...
2024-12-04T11:35:22.683+08:00  INFO 41504 --- [demo] [main] com.example.demo.DemoApplicationTests    : Started DemoApplicationTests in 3.122 seconds (process running for 3.825)
2024-12-04T11:36:00.537+08:00  INFO 15468 --- [demo] [main] com.example.demo.DemoApplication         : Starting DemoApplication using Java 17.0.11 with PID 15468 (E:\code\demo\demo\target\classes started by æ±Ÿå­é¹ in E:\code\demo\demo)
2024-12-04T11:36:00.539+08:00  INFO 15468 --- [demo] [main] com.example.demo.DemoApplication         : No active profile set, falling back to 1 default profile: "default"
2024-12-04T11:36:01.114+08:00  INFO 15468 --- [demo] [main] .s.d.r.c.RepositoryConfigurationDelegate : Multiple Spring Data modules found, entering strict repository configuration mode
2024-12-04T11:36:01.117+08:00  INFO 15468 --- [demo] [main] .s.d.r.c.RepositoryConfigurationDelegate : Bootstrapping Spring Data Redis repositories in DEFAULT mode.
2024-12-04T11:36:01.145+08:00  INFO 15468 --- [demo] [main] .s.d.r.c.RepositoryConfigurationDelegate : Finished Spring Data repository scanning in 14 ms. Found 0 Redis repository interfaces.
2024-12-04T11:36:01.212+08:00  WARN 15468 --- [demo] [main] o.m.s.mapper.ClassPathMapperScanner      : No MyBatis mapper was found in '[com.example.demo]' package. Please check your configuration.
2024-12-04T11:36:01.752+08:00  INFO 15468 --- [demo] [main] o.s.b.w.embedded.tomcat.TomcatWebServer  : Tomcat initialized with port 8001 (http)
2024-12-04T11:36:01.760+08:00  INFO 15468 --- [demo] [main] o.apache.catalina.core.StandardService   : Starting service [Tomcat]
2024-12-04T11:36:01.760+08:00  INFO 15468 --- [demo] [main] o.apache.catalina.core.StandardEngine    : Starting Servlet engine: [Apache Tomcat/10.1.26]
2024-12-04T11:36:01.819+08:00  INFO 15468 --- [demo] [main] o.a.c.c.C.[Tomcat].[localhost].[/]       : Initializing Spring embedded WebApplicationContext
2024-12-04T11:36:01.820+08:00  INFO 15468 --- [demo] [main] w.s.c.ServletWebServerApplicationContext : Root WebApplicationContext: initialization completed in 1246 ms
2024-12-04T11:36:02.252+08:00  WARN 15468 --- [demo] [main] t.m.m.m.resolve.DefaultEntityResolve     : é€šç”¨ Mapper è­¦å‘Šä¿¡æ¯: <[EntityColumn{table=commodities, property='price', column='price', javaType=float, jdbcType=null, typeHandler=null, id=false, identity=false, blob=false, generator='null', orderBy='null', orderPriority='0', insertable=true, updatable=true, order=DEFAULT}]> ä½¿ç”¨äº†åŸºæœ¬ç±»å‹ï¼ŒåŸºæœ¬ç±»å‹åœ¨åŠ¨æ€ SQL ä¸­ç”±äºå­˜åœ¨é»˜è®¤å€¼ï¼Œå› æ­¤ä»»ä½•æ—¶å€™éƒ½ä¸ç­‰äº nullï¼Œå»ºè®®ä¿®æ”¹åŸºæœ¬ç±»å‹ä¸ºå¯¹åº”çš„åŒ…è£…ç±»å‹!
2024-12-04T11:36:02.253+08:00  WARN 15468 --- [demo] [main] t.m.m.m.resolve.DefaultEntityResolve     : é€šç”¨ Mapper è­¦å‘Šä¿¡æ¯: <[EntityColumn{table=commodities, property='state', column='state', javaType=boolean, jdbcType=null, typeHandler=null, id=false, identity=false, blob=false, generator='null', orderBy='null', orderPriority='0', insertable=true, updatable=true, order=DEFAULT}]> ä½¿ç”¨äº†åŸºæœ¬ç±»å‹ï¼ŒåŸºæœ¬ç±»å‹åœ¨åŠ¨æ€ SQL ä¸­ç”±äºå­˜åœ¨é»˜è®¤å€¼ï¼Œå› æ­¤ä»»ä½•æ—¶å€™éƒ½ä¸ç­‰äº nullï¼Œå»ºè®®ä¿®æ”¹åŸºæœ¬ç±»å‹ä¸ºå¯¹åº”çš„åŒ…è£…ç±»å‹!
2024-12-04T11:36:02.424+08:00  WARN 15468 --- [demo] [main] t.m.m.m.resolve.DefaultEntityResolve     : é€šç”¨ Mapper è­¦å‘Šä¿¡æ¯: <[EntityColumn{table=user, property='state', column='state', javaType=boolean, jdbcType=null, typeHandler=null, id=false, identity=false, blob=false, generator='null', orderBy='null', orderPriority='0', insertable=true, updatable=true, order=DEFAULT}]> ä½¿ç”¨äº†åŸºæœ¬ç±»å‹ï¼ŒåŸºæœ¬ç±»å‹åœ¨åŠ¨æ€ SQL ä¸­ç”±äºå­˜åœ¨é»˜è®¤å€¼ï¼Œå› æ­¤ä»»ä½•æ—¶å€™éƒ½ä¸ç­‰äº nullï¼Œå»ºè®®ä¿®æ”¹åŸºæœ¬ç±»å‹ä¸ºå¯¹åº”çš„åŒ…è£…ç±»å‹!
2024-12-04T11:36:02.824+08:00  INFO 15468 --- [demo] [main] com.example.demo.common.WebMvcConfig     : å¼€å§‹æ³¨å†Œè‡ªå®šä¹‰æ‹¦æˆªå™¨...
2024-12-04T11:36:03.398+08:00  INFO 15468 --- [demo] [main] o.s.b.w.embedded.tomcat.TomcatWebServer  : Tomcat started on port 8001 (http) with context path '/'
2024-12-04T11:36:03.411+08:00  INFO 15468 --- [demo] [main] com.example.demo.DemoApplication         : Started DemoApplication in 3.171 seconds (process running for 3.454)
2024-12-04T11:36:19.680+08:00  INFO 12360 --- [demo] [main] com.example.demo.DemoApplicationTests    : Starting DemoApplicationTests using Java 17.0.6 with PID 12360 (started by ½­×ÓÅô in E:\code\demo\demo)
2024-12-04T11:36:19.682+08:00  INFO 12360 --- [demo] [main] com.example.demo.DemoApplicationTests    : No active profile set, falling back to 1 default profile: "default"
2024-12-04T11:36:20.269+08:00  INFO 12360 --- [demo] [main] .s.d.r.c.RepositoryConfigurationDelegate : Multiple Spring Data modules found, entering strict repository configuration mode
2024-12-04T11:36:20.272+08:00  INFO 12360 --- [demo] [main] .s.d.r.c.RepositoryConfigurationDelegate : Bootstrapping Spring Data Redis repositories in DEFAULT mode.
2024-12-04T11:36:20.296+08:00  INFO 12360 --- [demo] [main] .s.d.r.c.RepositoryConfigurationDelegate : Finished Spring Data repository scanning in 13 ms. Found 0 Redis repository interfaces.
2024-12-04T11:36:20.369+08:00  WARN 12360 --- [demo] [main] o.m.s.mapper.ClassPathMapperScanner      : No MyBatis mapper was found in '[com.example.demo]' package. Please check your configuration.
2024-12-04T11:36:21.111+08:00  WARN 12360 --- [demo] [main] t.m.m.m.resolve.DefaultEntityResolve     : Í¨ÓÃ Mapper ¾¯¸æĞÅÏ¢: <[EntityColumn{table=commodities, property='price', column='price', javaType=float, jdbcType=null, typeHandler=null, id=false, identity=false, blob=false, generator='null', orderBy='null', orderPriority='0', insertable=true, updatable=true, order=DEFAULT}]> Ê¹ÓÃÁË»ù±¾ÀàĞÍ£¬»ù±¾ÀàĞÍÔÚ¶¯Ì¬ SQL ÖĞÓÉÓÚ´æÔÚÄ¬ÈÏÖµ£¬Òò´ËÈÎºÎÊ±ºò¶¼²»µÈÓÚ null£¬½¨ÒéĞŞ¸Ä»ù±¾ÀàĞÍÎª¶ÔÓ¦µÄ°ü×°ÀàĞÍ!
2024-12-04T11:36:21.111+08:00  WARN 12360 --- [demo] [main] t.m.m.m.resolve.DefaultEntityResolve     : Í¨ÓÃ Mapper ¾¯¸æĞÅÏ¢: <[EntityColumn{table=commodities, property='state', column='state', javaType=boolean, jdbcType=null, typeHandler=null, id=false, identity=false, blob=false, generator='null', orderBy='null', orderPriority='0', insertable=true, updatable=true, order=DEFAULT}]> Ê¹ÓÃÁË»ù±¾ÀàĞÍ£¬»ù±¾ÀàĞÍÔÚ¶¯Ì¬ SQL ÖĞÓÉÓÚ´æÔÚÄ¬ÈÏÖµ£¬Òò´ËÈÎºÎÊ±ºò¶¼²»µÈÓÚ null£¬½¨ÒéĞŞ¸Ä»ù±¾ÀàĞÍÎª¶ÔÓ¦µÄ°ü×°ÀàĞÍ!
2024-12-04T11:36:21.283+08:00  WARN 12360 --- [demo] [main] t.m.m.m.resolve.DefaultEntityResolve     : Í¨ÓÃ Mapper ¾¯¸æĞÅÏ¢: <[EntityColumn{table=user, property='state', column='state', javaType=boolean, jdbcType=null, typeHandler=null, id=false, identity=false, blob=false, generator='null', orderBy='null', orderPriority='0', insertable=true, updatable=true, order=DEFAULT}]> Ê¹ÓÃÁË»ù±¾ÀàĞÍ£¬»ù±¾ÀàĞÍÔÚ¶¯Ì¬ SQL ÖĞÓÉÓÚ´æÔÚÄ¬ÈÏÖµ£¬Òò´ËÈÎºÎÊ±ºò¶¼²»µÈÓÚ null£¬½¨ÒéĞŞ¸Ä»ù±¾ÀàĞÍÎª¶ÔÓ¦µÄ°ü×°ÀàĞÍ!
2024-12-04T11:36:21.907+08:00  INFO 12360 --- [demo] [main] com.example.demo.common.WebMvcConfig     : ¿ªÊ¼×¢²á×Ô¶¨ÒåÀ¹½ØÆ÷...
2024-12-04T11:36:22.935+08:00  INFO 12360 --- [demo] [main] com.example.demo.DemoApplicationTests    : Started DemoApplicationTests in 3.479 seconds (process running for 4.207)
2024-12-04T11:45:19.948+08:00  INFO 45604 --- [demo] [main] com.example.demo.DemoApplication         : Starting DemoApplication using Java 17.0.11 with PID 45604 (E:\code\demo\demo\target\classes started by æ±Ÿå­é¹ in E:\code\demo\demo)
2024-12-04T11:45:19.950+08:00  INFO 45604 --- [demo] [main] com.example.demo.DemoApplication         : No active profile set, falling back to 1 default profile: "default"
2024-12-04T11:45:20.597+08:00  INFO 45604 --- [demo] [main] .s.d.r.c.RepositoryConfigurationDelegate : Multiple Spring Data modules found, entering strict repository configuration mode
2024-12-04T11:45:20.599+08:00  INFO 45604 --- [demo] [main] .s.d.r.c.RepositoryConfigurationDelegate : Bootstrapping Spring Data Redis repositories in DEFAULT mode.
2024-12-04T11:45:20.625+08:00  INFO 45604 --- [demo] [main] .s.d.r.c.RepositoryConfigurationDelegate : Finished Spring Data repository scanning in 15 ms. Found 0 Redis repository interfaces.
2024-12-04T11:45:20.695+08:00  WARN 45604 --- [demo] [main] o.m.s.mapper.ClassPathMapperScanner      : No MyBatis mapper was found in '[com.example.demo]' package. Please check your configuration.
2024-12-04T11:45:21.231+08:00  INFO 45604 --- [demo] [main] o.s.b.w.embedded.tomcat.TomcatWebServer  : Tomcat initialized with port 8001 (http)
2024-12-04T11:45:21.241+08:00  INFO 45604 --- [demo] [main] o.apache.catalina.core.StandardService   : Starting service [Tomcat]
2024-12-04T11:45:21.241+08:00  INFO 45604 --- [demo] [main] o.apache.catalina.core.StandardEngine    : Starting Servlet engine: [Apache Tomcat/10.1.26]
2024-12-04T11:45:21.296+08:00  INFO 45604 --- [demo] [main] o.a.c.c.C.[Tomcat].[localhost].[/]       : Initializing Spring embedded WebApplicationContext
2024-12-04T11:45:21.296+08:00  INFO 45604 --- [demo] [main] w.s.c.ServletWebServerApplicationContext : Root WebApplicationContext: initialization completed in 1302 ms
2024-12-04T11:45:21.725+08:00  WARN 45604 --- [demo] [main] t.m.m.m.resolve.DefaultEntityResolve     : é€šç”¨ Mapper è­¦å‘Šä¿¡æ¯: <[EntityColumn{table=commodities, property='price', column='price', javaType=float, jdbcType=null, typeHandler=null, id=false, identity=false, blob=false, generator='null', orderBy='null', orderPriority='0', insertable=true, updatable=true, order=DEFAULT}]> ä½¿ç”¨äº†åŸºæœ¬ç±»å‹ï¼ŒåŸºæœ¬ç±»å‹åœ¨åŠ¨æ€ SQL ä¸­ç”±äºå­˜åœ¨é»˜è®¤å€¼ï¼Œå› æ­¤ä»»ä½•æ—¶å€™éƒ½ä¸ç­‰äº nullï¼Œå»ºè®®ä¿®æ”¹åŸºæœ¬ç±»å‹ä¸ºå¯¹åº”çš„åŒ…è£…ç±»å‹!
2024-12-04T11:45:21.725+08:00  WARN 45604 --- [demo] [main] t.m.m.m.resolve.DefaultEntityResolve     : é€šç”¨ Mapper è­¦å‘Šä¿¡æ¯: <[EntityColumn{table=commodities, property='state', column='state', javaType=boolean, jdbcType=null, typeHandler=null, id=false, identity=false, blob=false, generator='null', orderBy='null', orderPriority='0', insertable=true, updatable=true, order=DEFAULT}]> ä½¿ç”¨äº†åŸºæœ¬ç±»å‹ï¼ŒåŸºæœ¬ç±»å‹åœ¨åŠ¨æ€ SQL ä¸­ç”±äºå­˜åœ¨é»˜è®¤å€¼ï¼Œå› æ­¤ä»»ä½•æ—¶å€™éƒ½ä¸ç­‰äº nullï¼Œå»ºè®®ä¿®æ”¹åŸºæœ¬ç±»å‹ä¸ºå¯¹åº”çš„åŒ…è£…ç±»å‹!
2024-12-04T11:45:21.932+08:00  WARN 45604 --- [demo] [main] t.m.m.m.resolve.DefaultEntityResolve     : é€šç”¨ Mapper è­¦å‘Šä¿¡æ¯: <[EntityColumn{table=user, property='state', column='state', javaType=boolean, jdbcType=null, typeHandler=null, id=false, identity=false, blob=false, generator='null', orderBy='null', orderPriority='0', insertable=true, updatable=true, order=DEFAULT}]> ä½¿ç”¨äº†åŸºæœ¬ç±»å‹ï¼ŒåŸºæœ¬ç±»å‹åœ¨åŠ¨æ€ SQL ä¸­ç”±äºå­˜åœ¨é»˜è®¤å€¼ï¼Œå› æ­¤ä»»ä½•æ—¶å€™éƒ½ä¸ç­‰äº nullï¼Œå»ºè®®ä¿®æ”¹åŸºæœ¬ç±»å‹ä¸ºå¯¹åº”çš„åŒ…è£…ç±»å‹!
2024-12-04T11:45:22.373+08:00  INFO 45604 --- [demo] [main] com.example.demo.common.WebMvcConfig     : å¼€å§‹æ³¨å†Œè‡ªå®šä¹‰æ‹¦æˆªå™¨...
2024-12-04T11:45:22.943+08:00  INFO 45604 --- [demo] [main] o.s.b.w.embedded.tomcat.TomcatWebServer  : Tomcat started on port 8001 (http) with context path '/'
2024-12-04T11:45:22.957+08:00  INFO 45604 --- [demo] [main] com.example.demo.DemoApplication         : Started DemoApplication in 3.35 seconds (process running for 3.611)
2024-12-04T11:45:37.457+08:00  INFO 45272 --- [demo] [main] com.example.demo.DemoApplicationTests    : Starting DemoApplicationTests using Java 17.0.6 with PID 45272 (started by ½­×ÓÅô in E:\code\demo\demo)
2024-12-04T11:45:37.458+08:00  INFO 45272 --- [demo] [main] com.example.demo.DemoApplicationTests    : No active profile set, falling back to 1 default profile: "default"
2024-12-04T11:45:38.025+08:00  INFO 45272 --- [demo] [main] .s.d.r.c.RepositoryConfigurationDelegate : Multiple Spring Data modules found, entering strict repository configuration mode
2024-12-04T11:45:38.028+08:00  INFO 45272 --- [demo] [main] .s.d.r.c.RepositoryConfigurationDelegate : Bootstrapping Spring Data Redis repositories in DEFAULT mode.
2024-12-04T11:45:38.051+08:00  INFO 45272 --- [demo] [main] .s.d.r.c.RepositoryConfigurationDelegate : Finished Spring Data repository scanning in 12 ms. Found 0 Redis repository interfaces.
2024-12-04T11:45:38.130+08:00  WARN 45272 --- [demo] [main] o.m.s.mapper.ClassPathMapperScanner      : No MyBatis mapper was found in '[com.example.demo]' package. Please check your configuration.
2024-12-04T11:45:38.818+08:00  WARN 45272 --- [demo] [main] t.m.m.m.resolve.DefaultEntityResolve     : Í¨ÓÃ Mapper ¾¯¸æĞÅÏ¢: <[EntityColumn{table=commodities, property='price', column='price', javaType=float, jdbcType=null, typeHandler=null, id=false, identity=false, blob=false, generator='null', orderBy='null', orderPriority='0', insertable=true, updatable=true, order=DEFAULT}]> Ê¹ÓÃÁË»ù±¾ÀàĞÍ£¬»ù±¾ÀàĞÍÔÚ¶¯Ì¬ SQL ÖĞÓÉÓÚ´æÔÚÄ¬ÈÏÖµ£¬Òò´ËÈÎºÎÊ±ºò¶¼²»µÈÓÚ null£¬½¨ÒéĞŞ¸Ä»ù±¾ÀàĞÍÎª¶ÔÓ¦µÄ°ü×°ÀàĞÍ!
2024-12-04T11:45:38.819+08:00  WARN 45272 --- [demo] [main] t.m.m.m.resolve.DefaultEntityResolve     : Í¨ÓÃ Mapper ¾¯¸æĞÅÏ¢: <[EntityColumn{table=commodities, property='state', column='state', javaType=boolean, jdbcType=null, typeHandler=null, id=false, identity=false, blob=false, generator='null', orderBy='null', orderPriority='0', insertable=true, updatable=true, order=DEFAULT}]> Ê¹ÓÃÁË»ù±¾ÀàĞÍ£¬»ù±¾ÀàĞÍÔÚ¶¯Ì¬ SQL ÖĞÓÉÓÚ´æÔÚÄ¬ÈÏÖµ£¬Òò´ËÈÎºÎÊ±ºò¶¼²»µÈÓÚ null£¬½¨ÒéĞŞ¸Ä»ù±¾ÀàĞÍÎª¶ÔÓ¦µÄ°ü×°ÀàĞÍ!
2024-12-04T11:45:38.961+08:00  WARN 45272 --- [demo] [main] t.m.m.m.resolve.DefaultEntityResolve     : Í¨ÓÃ Mapper ¾¯¸æĞÅÏ¢: <[EntityColumn{table=user, property='state', column='state', javaType=boolean, jdbcType=null, typeHandler=null, id=false, identity=false, blob=false, generator='null', orderBy='null', orderPriority='0', insertable=true, updatable=true, order=DEFAULT}]> Ê¹ÓÃÁË»ù±¾ÀàĞÍ£¬»ù±¾ÀàĞÍÔÚ¶¯Ì¬ SQL ÖĞÓÉÓÚ´æÔÚÄ¬ÈÏÖµ£¬Òò´ËÈÎºÎÊ±ºò¶¼²»µÈÓÚ null£¬½¨ÒéĞŞ¸Ä»ù±¾ÀàĞÍÎª¶ÔÓ¦µÄ°ü×°ÀàĞÍ!
2024-12-04T11:45:39.563+08:00  INFO 45272 --- [demo] [main] com.example.demo.common.WebMvcConfig     : ¿ªÊ¼×¢²á×Ô¶¨ÒåÀ¹½ØÆ÷...
2024-12-04T11:45:40.389+08:00  INFO 45272 --- [demo] [main] com.example.demo.DemoApplicationTests    : Started DemoApplicationTests in 3.152 seconds (process running for 3.875)
